[22 hours ago] 596f40b89b  (origin/bugfix/PMCORE-4126) PMCORE-4126 Steps is not showing in the open case <Roly Gutierrez>
[24 hours ago] 9dd9c51cd1  PMCORE-4119 <Luciana Nuñez>
[2 days ago] f17bfea699  (origin/bugfix/PMCORE-4059-A) PMCORE-4059 Password Policy is not working <Roly Gutierrez>
[2 days ago] df16e56b41  (origin/bugfix/PMCORE-4117-P) PMCORE-4117 <Paula Quispe>
[5 days ago] 3e2a4a2caf  PMCORE-4117 <Luciana Nuñez>
[9 days ago] 094d292a7f  PMCORE-4097 <Luciana Nuñez>
[9 days ago] 3519be8eaf  PMCORE-3683:Community > Old view appears when a case is routed <Fabio Guachalla>
[12 days ago] 9a0f78d36e  PMCORE-4095 <Luciana Nuñez>
[12 days ago] fc6b8f7579  (origin/bugfix/PMCORE-4086) PMCORE-4086 Supervisor > multiple step > the `Case Details` is not displayed when the last dynaform passed <Roly Gutierrez>
[12 days ago] 3267ce9fa1  PMCORE-4087 <Luciana Nuñez>
[13 days ago] 8fc3aa979f  (origin/feature/PMCORE-4086) PMCORE-4086 Supervisor > multiple step > the `Case Details` is not displayed when the last dynaform passed <Roly Gutierrez>
[4 weeks ago] b84ba2fe67  PMCORE-4092 <Luciana Nuñez>
[4 weeks ago] 17b2e21330  (origin/bugfix/PMCORE-4056-2) PMCORE-4056 <Paula Quispe>
[5 weeks ago] 8f7560a0e8  (origin/bugfix/PMCORE-4084) PMCORE-4084 Supervisor > multiple step > Previous and Next step buttons are not displayed <Roly Gutierrez>
[6 weeks ago] 8a9ca10b58  PMCORE-4087 <Luciana Nuñez>
[6 weeks ago] dc8eebd99e  PMCORE-4088 <Luciana Nuñez>
[6 weeks ago] 9efe6e03d5  PMCORE-4004: Solving last comments <Luciana Nuñez>
[6 weeks ago] 696856ec4a  PMCORE-4083 <Luciana Nuñez>
[6 weeks ago] fe74570b58  PMCORE-4006 <Luciana Nuñez>
[6 weeks ago] 89a0c9da88  PMCORE-4079 <Luciana Nuñez>
[6 weeks ago] ef984eb923  PMCORE-3683:Community > Old view appears when a case is routed <Fabio Guachalla>
[7 weeks ago] 3014684e01  PMCORE-4075 <Luciana Nuñez>
[7 weeks ago] 801701ec0d  (origin/feature/PMCORE-3670) PMCORE-3670 <Luciana Nuñez>
[7 weeks ago] 3ee3da8609  PMCORE-4063 <Luciana Nuñez>
[7 weeks ago] 4c2727822f  PMCORE-2332:[21963]Grid Sum Function Displays Wrong Decimal <Fabio Guachalla>
[9 weeks ago] 65591a81e6  (origin/bugfix/PMCORE-4013) PMCORE-4013 Wizard trigger: is using a old library thirdparty/wizard please research to use a new or Reflection <Roly Gutierrez>
[9 weeks ago] f16ea07c16  (origin/bugfix/PMCORE-4045) PMCORE-4045 Manipulation of login records <Roly Gutierrez>
[9 weeks ago] da8534ed49  PMCORE-4060 <Luciana Nuñez>
[9 weeks ago] 989af7f940  PMCORE-4051 <Luciana Nuñez>
[9 weeks ago] b278b6a69c  (origin/bugfix/PMCORE-4049) PMCORE-4049 <Julio Cesar Laura Avendaño>
